<?xml version="1.0" encoding="UTF-8"?>
<!-- Generated by org.testng.reporters.JUnitReportReporter -->
<testsuite skipped="0" hostname="DESKTOP-7MQHOP7" name="com.zoopla.regressiontests.Testclass" tests="1" failures="0" timestamp="2020-11-28T00:06:07 IST" time="0.185" errors="0">
  <testcase name="show" time="0.185" classname="com.zoopla.regressiontests.Testclass"/>
</testsuite> <!-- com.zoopla.regressiontests.Testclass -->
