<?xml version="1.0" encoding="UTF-8"?>
<!-- Generated by org.testng.reporters.JUnitReportReporter -->
<testsuite skipped="0" hostname="DESKTOP-7MQHOP7" name="com.zoopla.regressiontests.ZooplaForSaleTest" tests="3" failures="0" timestamp="2020-10-06T23:53:56 IST" time="81.870" errors="0">
  <testcase name="ukpropertyforsalepagevalidation" time="22.367" classname="com.zoopla.regressiontests.ZooplaForSaleTest"/>
  <testcase name="forsalehyperlinkvalidaation" time="19.514" classname="com.zoopla.regressiontests.ZooplaForSaleTest"/>
  <testcase name="propertiesforsalesearch" time="39.989" classname="com.zoopla.regressiontests.ZooplaForSaleTest"/>
</testsuite> <!-- com.zoopla.regressiontests.ZooplaForSaleTest -->
