<?xml version="1.0" encoding="UTF-8"?>
<!-- Generated by org.testng.reporters.JUnitReportReporter -->
<testsuite hostname="DESKTOP-7MQHOP7" failures="0" tests="1" name="com.zoopla.regressiontests.DBvalidationTest" time="1.297" errors="0" timestamp="2020-09-26T06:32:20 IST" skipped="0">
  <testcase classname="com.zoopla.regressiontests.DBvalidationTest" name="displayemptable" time="1.297"/>
</testsuite> <!-- com.zoopla.regressiontests.DBvalidationTest -->
