<?xml version="1.0" encoding="UTF-8"?>
<!-- Generated by org.testng.reporters.JUnitReportReporter -->
<testsuite skipped="0" hostname="DESKTOP-7MQHOP7" name="com.zoopla.regressiontests.ExcelTest" tests="3" failures="0" timestamp="2020-10-10T20:47:40 IST" time="0.119" errors="0">
  <testcase name="printexceldata" time="0.017" classname="com.zoopla.regressiontests.ExcelTest"/>
  <testcase name="printexceldata" time="0.095" classname="com.zoopla.regressiontests.ExcelTest"/>
  <testcase name="printexceldata" time="0.007" classname="com.zoopla.regressiontests.ExcelTest"/>
</testsuite> <!-- com.zoopla.regressiontests.ExcelTest -->
