<?xml version="1.0" encoding="UTF-8"?>
<!-- Generated by org.testng.reporters.JUnitReportReporter -->
<testsuite hostname="DESKTOP-7MQHOP7" failures="0" tests="1" name="com.zoopla.regressiontests.ZooplanewhomeforsaleTest" time="43.629" errors="0" timestamp="2020-09-20T18:37:02 IST" skipped="0">
  <testcase classname="com.zoopla.regressiontests.ZooplanewhomeforsaleTest" name="validatenewhomesforsalepageadvancefilters" time="43.629"/>
</testsuite> <!-- com.zoopla.regressiontests.ZooplanewhomeforsaleTest -->
