<?xml version="1.0" encoding="UTF-8"?>
<!-- Generated by org.testng.reporters.JUnitReportReporter -->
<testsuite hostname="DESKTOP-7MQHOP7" failures="0" tests="1" name="com.zoopla.regressiontests.ZooplaTest" time="25.172" errors="0" timestamp="2020-09-18T08:44:28 IST" skipped="0">
  <testcase classname="com.zoopla.regressiontests.ZooplaTest" name="zooplatest" time="25.172"/>
</testsuite> <!-- com.zoopla.regressiontests.ZooplaTest -->
